Determining if the Fortran sgemm exists failed with the following output:
Change Dir: /home/loyd/ML_RFQ/CMakeFiles/CMakeTmp

Run Build Command(s):/usr/bin/make cmTC_2816f/fast && /usr/bin/make -f CMakeFiles/cmTC_2816f.dir/build.make CMakeFiles/cmTC_2816f.dir/build
make[1]: Entering directory '/home/loyd/ML_RFQ/CMakeFiles/CMakeTmp'
Building Fortran object CMakeFiles/cmTC_2816f.dir/testFortranCompiler.f.o
/usr/bin/gfortran    -c /home/loyd/ML_RFQ/CMakeFiles/CMakeTmp/testFortranCompiler.f -o CMakeFiles/cmTC_2816f.dir/testFortranCompiler.f.o
Linking Fortran executable cmTC_2816f
/usr/bin/cmake -E cmake_link_script CMakeFiles/cmTC_2816f.dir/link.txt --verbose=1
/usr/bin/gfortran      CMakeFiles/cmTC_2816f.dir/testFortranCompiler.f.o  -o cmTC_2816f 
/usr/bin/ld: CMakeFiles/cmTC_2816f.dir/testFortranCompiler.f.o: in function `MAIN__':
testFortranCompiler.f:(.text+0xa): undefined reference to `sgemm_'
collect2: error: ld returned 1 exit status
make[1]: *** [CMakeFiles/cmTC_2816f.dir/build.make:87: cmTC_2816f] Error 1
make[1]: Leaving directory '/home/loyd/ML_RFQ/CMakeFiles/CMakeTmp'
make: *** [Makefile:121: cmTC_2816f/fast] Error 2



Performing C SOURCE FILE Test CMAKE_HAVE_LIBC_PTHREAD failed with the following output:
Change Dir: /home/loyd/ML_RFQ/CMakeFiles/CMakeTmp

Run Build Command(s):/usr/bin/make cmTC_4c166/fast && /usr/bin/make -f CMakeFiles/cmTC_4c166.dir/build.make CMakeFiles/cmTC_4c166.dir/build
make[1]: Entering directory '/home/loyd/ML_RFQ/CMakeFiles/CMakeTmp'
Building C object CMakeFiles/cmTC_4c166.dir/src.c.o
/usr/bin/cc   -DCMAKE_HAVE_LIBC_PTHREAD   -o CMakeFiles/cmTC_4c166.dir/src.c.o   -c /home/loyd/ML_RFQ/CMakeFiles/CMakeTmp/src.c
Linking C executable cmTC_4c166
/usr/bin/cmake -E cmake_link_script CMakeFiles/cmTC_4c166.dir/link.txt --verbose=1
/usr/bin/cc  -DCMAKE_HAVE_LIBC_PTHREAD    -rdynamic CMakeFiles/cmTC_4c166.dir/src.c.o  -o cmTC_4c166 
/usr/bin/ld: CMakeFiles/cmTC_4c166.dir/src.c.o: in function `main':
src.c:(.text+0x46): undefined reference to `pthread_create'
/usr/bin/ld: src.c:(.text+0x52): undefined reference to `pthread_detach'
/usr/bin/ld: src.c:(.text+0x63): undefined reference to `pthread_join'
collect2: error: ld returned 1 exit status
make[1]: *** [CMakeFiles/cmTC_4c166.dir/build.make:87: cmTC_4c166] Error 1
make[1]: Leaving directory '/home/loyd/ML_RFQ/CMakeFiles/CMakeTmp'
make: *** [Makefile:121: cmTC_4c166/fast] Error 2


Source file was:
#include <pthread.h>

void* test_func(void* data)
{
  return data;
}

int main(void)
{
  pthread_t thread;
  pthread_create(&thread, NULL, test_func, NULL);
  pthread_detach(thread);
  pthread_join(thread, NULL);
  pthread_atfork(NULL, NULL, NULL);
  pthread_exit(NULL);

  return 0;
}

Determining if the function pthread_create exists in the pthreads failed with the following output:
Change Dir: /home/loyd/ML_RFQ/CMakeFiles/CMakeTmp

Run Build Command(s):/usr/bin/make cmTC_9d251/fast && /usr/bin/make -f CMakeFiles/cmTC_9d251.dir/build.make CMakeFiles/cmTC_9d251.dir/build
make[1]: Entering directory '/home/loyd/ML_RFQ/CMakeFiles/CMakeTmp'
Building C object CMakeFiles/cmTC_9d251.dir/CheckFunctionExists.c.o
/usr/bin/cc   -DCHECK_FUNCTION_EXISTS=pthread_create   -o CMakeFiles/cmTC_9d251.dir/CheckFunctionExists.c.o   -c /usr/share/cmake-3.16/Modules/CheckFunctionExists.c
Linking C executable cmTC_9d251
/usr/bin/cmake -E cmake_link_script CMakeFiles/cmTC_9d251.dir/link.txt --verbose=1
/usr/bin/cc  -DCHECK_FUNCTION_EXISTS=pthread_create    -rdynamic CMakeFiles/cmTC_9d251.dir/CheckFunctionExists.c.o  -o cmTC_9d251  -lpthreads 
/usr/bin/ld: cannot find -lpthreads
collect2: error: ld returned 1 exit status
make[1]: *** [CMakeFiles/cmTC_9d251.dir/build.make:87: cmTC_9d251] Error 1
make[1]: Leaving directory '/home/loyd/ML_RFQ/CMakeFiles/CMakeTmp'
make: *** [Makefile:121: cmTC_9d251/fast] Error 2



Determining if the Fortran cheev exists failed with the following output:
Change Dir: /home/loyd/ML_RFQ/CMakeFiles/CMakeTmp

Run Build Command(s):/usr/bin/make cmTC_3eb8e/fast && /usr/bin/make -f CMakeFiles/cmTC_3eb8e.dir/build.make CMakeFiles/cmTC_3eb8e.dir/build
make[1]: Entering directory '/home/loyd/ML_RFQ/CMakeFiles/CMakeTmp'
Building Fortran object CMakeFiles/cmTC_3eb8e.dir/testFortranCompiler.f.o
/usr/bin/gfortran    -c /home/loyd/ML_RFQ/CMakeFiles/CMakeTmp/testFortranCompiler.f -o CMakeFiles/cmTC_3eb8e.dir/testFortranCompiler.f.o
Linking Fortran executable cmTC_3eb8e
/usr/bin/cmake -E cmake_link_script CMakeFiles/cmTC_3eb8e.dir/link.txt --verbose=1
/usr/bin/gfortran      CMakeFiles/cmTC_3eb8e.dir/testFortranCompiler.f.o  -o cmTC_3eb8e  /usr/lib/x86_64-linux-gnu/libblas.so 
/usr/bin/ld: CMakeFiles/cmTC_3eb8e.dir/testFortranCompiler.f.o: in function `MAIN__':
testFortranCompiler.f:(.text+0xa): undefined reference to `cheev_'
collect2: error: ld returned 1 exit status
make[1]: *** [CMakeFiles/cmTC_3eb8e.dir/build.make:88: cmTC_3eb8e] Error 1
make[1]: Leaving directory '/home/loyd/ML_RFQ/CMakeFiles/CMakeTmp'
make: *** [Makefile:121: cmTC_3eb8e/fast] Error 2



